 version: 3-dev
  
  🐰 Keploy: 2026-02-06T08:16:25.142650252Z 	INFO	Test Sets to be Replayed	{"testSets": ["test-set-0"]}
  .go.buildinfo
  🐰 Keploy: 2026-02-06T08:16:25.143091166Z 	WARN	go language detected. please use --language to manually set the language if needed
  🐰 Keploy: 2026-02-06T08:16:25.143146339Z 	ERROR	failed to read symbols, skipping coverage calculation	{"error": "no symbol section"}
  🐰 Keploy(agent): 2026-02-06T08:16:25Z	INFO	Starting the agent in 	{"mode": "test"}
  🐰 Keploy(agent): 2026-02-06T08:16:26Z	INFO	starting UDP DNS server at addr :26789
  🐰 Keploy(agent): 2026-02-06T08:16:26Z	INFO	starting TCP DNS server at addr :26789
  🐰 Keploy(agent): 2026-02-06T08:16:26Z	INFO	Keploy has taken control of the DNS resolution mechanism, your application may misbehave if you have provided wrong domain name in your application code.
  🐰 Keploy(agent): 2026-02-06T08:16:26Z	INFO	Proxy started at port:16789
  🐰 Keploy(agent): 2026-02-06T08:16:26Z	INFO	Starting Agent's HTTP server on :	{"port": 32793}
  🐰 Keploy: 2026-02-06T08:16:27.15207238Z 	WARN	Failed to Authenticate user, continuing with local mock if present	{"reason": "failed to authenticate: Post \"http://localhost:8083/auth/github\": dial tcp [::1]:8083: connect: connection refused"}
  🐰 Keploy: 2026-02-06T08:16:27.152111774Z 	INFO	running	{"test-set": "[test-set-0]", "attempt": 1}
  🐰 Keploy: 2026-02-06T08:16:30.115961855Z 	INFO	Starting Application :	{"executing_cmd": "/usr/bin/sh -c /home/runner/work/keploy/keploy/mongo-fuzzer"}
  [mongo-fuzzer] 2026/02/06 08:16:30 main.go:3053: Starting mongo-fuzzer server...
  [mongo-fuzzer] 2026/02/06 08:16:30 main.go:3061: mongo-fuzzer listening on :18082 (POST /run)
  🐰 Keploy: 2026-02-06T08:16:40.118252332Z 	INFO	starting test for	{"test case": "[test-1]", "test set": "[test-set-0]"}
  [mongo-fuzzer] 2026/02/06 08:16:40 main.go:3068: Run request received from [::1]:32880
  [mongo-fuzzer] 2026/02/06 08:16:40 main.go:3103: Starting run: mode=record, seed=424242, ops=10000
  [mongo-fuzzer] 2026/02/06 08:16:40 main.go:3233: Multi-cluster mode: selected cluster 0 (mongodb://localhost:27017)
  [mongo-fuzzer] 2026/02/06 08:16:40 main.go:3247: Using auth mechanism: SCRAM-SHA-256, auth source: admin
  [mongo-fuzzer] 2026/02/06 08:16:40 main.go:2732: Starting record mode with 10000 operations, seed=424242
  [mongo-fuzzer] 2026/02/06 08:16:40 main.go:2740: Dropping database: fuzztest
  [mongo-fuzzer] 2026/02/06 08:16:55 main.go:2752: Progress: completed 1000/10000 operations
  [mongo-fuzzer] 2026/02/06 08:17:11 main.go:2752: Progress: completed 2000/10000 operations
  [mongo-fuzzer] 2026/02/06 08:17:26 main.go:2752: Progress: completed 3000/10000 operations
  [mongo-fuzzer] 2026/02/06 08:17:42 main.go:2752: Progress: completed 4000/10000 operations
  [mongo-fuzzer] 2026/02/06 08:17:57 main.go:2752: Progress: completed 5000/10000 operations
  [mongo-fuzzer] 2026/02/06 08:18:13 main.go:2752: Progress: completed 6000/10000 operations
  [mongo-fuzzer] 2026/02/06 08:18:29 main.go:2752: Progress: completed 7000/10000 operations
  [mongo-fuzzer] 2026/02/06 08:18:46 main.go:2752: Progress: completed 8000/10000 operations
  [mongo-fuzzer] 2026/02/06 08:19:02 main.go:2752: Progress: completed 9000/10000 operations
  [mongo-fuzzer] 2026/02/06 08:19:19 main.go:2752: Progress: completed 10000/10000 operations
  [mongo-fuzzer] 2026/02/06 08:19:19 main.go:2794: Record mode completed. Operations: map[aggregate:799 bulkWrite:217 countDocuments:54 createCollection:68 createIndex:231 deleteMany:306 deleteOne:458 distinct:582 dropCollection:53 estimatedDocumentCount:219 find:2239 findOne:815 findOneAndDelete:160 findOneAndReplace:180 findOneAndUpdate:269 insertMany:570 insertOne:1051 replaceOne:273 textSearch:151 transaction:203 updateMany:449 updateOne:653]
  [mongo-fuzzer] 2026/02/06 08:19:19 main.go:3314: Writing golden JSON to ./golden/full_coverage.json (11956581 bytes)
  [mongo-fuzzer] 2026/02/06 08:19:19 main.go:3318: Golden JSON saved successfully
  [mongo-fuzzer] 2026/02/06 08:19:19 main.go:3107: Run completed in 159409ms: ok=false, mismatches=1
  Testrun failed for testcase with id: "test-1"
  
  --------------------------------------------------------------------
  
  +-------------------------------------------------------------------------------------------------------------+
  |                                                DIFFS TEST-1                                                 |
  +-------------------------------------------------------------------------------------------------------------+
  |                     EXPECT STATUS                    |                   ACTUAL STATUS                      |
  | -----------------------------------------------------+----------------------------------------------------- |
  |                          200                         |                        409                           |
  |                                                                                                             |
  |                     EXPECT HEADER                    |                   ACTUAL HEADER                      |
  | -----------------------------------------------------+----------------------------------------------------- |
  |                 Content-Length: [139]                |               Content-Length: [592]                  |
  |                                                      |                                                      |
  |                                                                                                             |
  |                      EXPECT BODY                     |                    ACTUAL BODY                       |
  | -----------------------------------------------------+----------------------------------------------------- |
  |   {                                                  | {                                                    |
  |    "mismatches": "0" ,                               |  "mismatches": "1" ,                                 |
  |    "ok": "true" ,                                    |  "ok": "false" ,                                     |
  |   total_ops:10000                                    | total_ops:10000                                      |
  |    }                                                 | + "diffs": [{"got":"(StaleConfig) Transaction 4549   |
  |                                                      | 2e5c-0f7f-40dd-8ef6-5c161e4191a2 - O0CMtIVItQN4IsE   |
  |                                                      |                                                      |
  |                                                      | ...(truncated, original length 4617 bytes)           |
  |                                                                                                             |
  +-------------------------------------------------------------------------------------------------------------+
  🐰 Keploy: 2026-02-06T08:19:19.568496728Z 	INFO	result	{"testcase id": "[test-1]", "testset id": "[test-set-0]", "passed": "[false]"}
  
   <=========================================> 
    TESTRUN SUMMARY. For test-set: "test-set-0"
  	Total tests:        1
  	Total test passed:  0
  	Total test failed:  1
  	Time Taken:         "2.87 min"
   <=========================================> 
  
  
   <=========================================> 
    COMPLETE TESTRUN SUMMARY. 
  	Total tests: 1
  	Total test passed: 0
  	Total test failed: 1
  	Total time taken: "2.87 min"
  
  	Test Suite Name		Total Test	Passed		Failed		Time Taken	Failed Testcases	
  
  	"test-set-0"		1		0		1		"2.87 min"	"test-1"
  <=========================================> 
  
  🐰 Keploy: 2026-02-06T08:19:19.879345105Z 	INFO	stopping Keploy	{"reason": "replay completed successfully"}
  🐰 Keploy: 2026-02-06T08:19:19.879615563Z 	INFO	Stopping keploy agent
  🐰 Keploy(agent): 2026-02-06T08:19:19Z	INFO	stopping Keploy	{"reason": "stop requested via agent API"}
  🐰 Keploy: 2026-02-06T08:19:19.879905002Z 	INFO	Keploy agent stopped.